\BOOKMARK [0][-]{chapter.1}{Introduction}{}% 1
\BOOKMARK [1][-]{section.1.1}{Objectives}{chapter.1}% 2
\BOOKMARK [1][-]{section.1.2}{Challenges}{chapter.1}% 3
\BOOKMARK [1][-]{section.1.3}{Contributions}{chapter.1}% 4
\BOOKMARK [0][-]{chapter.2}{Background}{}% 5
\BOOKMARK [0][-]{chapter.3}{Web based N Ball Exploration}{}% 6
\BOOKMARK [1][-]{section.3.1}{The Architecture}{chapter.3}% 7
\BOOKMARK [2][-]{subsection.3.1.1}{Flask}{section.3.1}% 8
\BOOKMARK [2][-]{subsection.3.1.2}{Redis}{section.3.1}% 9
\BOOKMARK [2][-]{subsection.3.1.3}{Plotly}{section.3.1}% 10
\BOOKMARK [2][-]{subsection.3.1.4}{Word sense exploration}{section.3.1}% 11
\BOOKMARK [1][-]{section.3.2}{User Interaction}{chapter.3}% 12
\BOOKMARK [2][-]{subsection.3.2.1}{Page overview}{section.3.2}% 13
\BOOKMARK [2][-]{subsection.3.2.2}{Input}{section.3.2}% 14
\BOOKMARK [2][-]{subsection.3.2.3}{Output}{section.3.2}% 15
\BOOKMARK [0][-]{chapter.4}{Evaluation}{}% 16
\BOOKMARK [0][-]{chapter.5}{Conclusion and outlooks}{}% 17
\BOOKMARK [1][-]{section.5.1}{Visulization of construction history}{chapter.5}% 18
\BOOKMARK [1][-]{section.5.2}{Webserver deployment}{chapter.5}% 19
\BOOKMARK [1][-]{section.5.3}{Result Notification}{chapter.5}% 20
\BOOKMARK [1][-]{section.5.4}{ENN}{chapter.5}% 21
\BOOKMARK [1][-]{section.5.5}{Conclusion}{chapter.5}% 22
\BOOKMARK [0][-]{appendix.A}{Quick start of the system}{}% 23
\BOOKMARK [0][-]{appendix.B}{Description of the system}{}% 24
\BOOKMARK [1][-]{section.B.1}{Developer Notes and Insights}{appendix.B}% 25
\BOOKMARK [2][-]{subsection.B.1.1}{Contents of out folder}{section.B.1}% 26
\BOOKMARK [2][-]{subsection.B.1.2}{File types accepted by server}{section.B.1}% 27
